#
# There is insufficient memory for the Java Runtime Environment to continue.
# Native memory allocation (malloc) failed to allocate 1048576 bytes for AllocateHeap
# Possible reasons:
#   The system is out of physical RAM or swap space
#   The process is running with CompressedOops enabled, and the Java Heap may be blocking the growth of the native heap
# Possible solutions:
#   Reduce memory load on the system
#   Increase physical memory or swap space
#   Check if swap backing store is full
#   Decrease Java heap size (-Xmx/-Xms)
#   Decrease number of Java threads
#   Decrease Java thread stack sizes (-Xss)
#   Set larger code cache with -XX:ReservedCodeCacheSize=
#   JVM is running with Unscaled Compressed Oops mode in which the Java heap is
#     placed in the first 4GB address space. The Java Heap base address is the
#     maximum limit for the native heap growth. Please use -XX:HeapBaseMinAddress
#     to set the Java Heap base and to place the Java Heap above 4GB virtual address.
# This output file may be truncated or incomplete.
#
#  Out of Memory Error (allocation.cpp:44), pid=25496, tid=19692
#
# JRE version:  (17.0.6) (build )
# Java VM: OpenJDK 64-Bit Server VM (17.0.6+0-b2043.56-10027231, mixed mode, sharing, tiered, compressed oops, compressed class ptrs, g1 gc, windows-amd64)
# No core dump will be written. Minidumps are not enabled by default on client versions of Windows
#

---------------  S U M M A R Y ------------

Command Line: git4idea.http.GitAskPassApp Username for 'https://github.com': 

Host: 11th Gen Intel(R) Core(TM) i5-1135G7 @ 2.40GHz, 8 cores, 7G,  Windows 11 , 64 bit Build 22621 (10.0.22621.2428)
Time: Thu Nov  2 21:35:47 2023 SE Asia Standard Time elapsed time: 0.015910 seconds (0d 0h 0m 0s)

---------------  T H R E A D  ---------------

Current thread (0x0000022ab5af98b0):  JavaThread "Unknown thread" [_thread_in_vm, id=19692, stack(0x0000002cd0300000,0x0000002cd0400000)]

Stack: [0x0000002cd0300000,0x0000002cd0400000]
Native frames: (J=compiled Java code, j=interpreted, Vv=VM code, C=native code)
V  [jvm.dll+0x683c9a]
V  [jvm.dll+0x8427a4]
V  [jvm.dll+0x843f9e]
V  [jvm.dll+0x844603]
V  [jvm.dll+0x249b75]
V  [jvm.dll+0xa641f]
V  [jvm.dll+0x2e8e27]
V  [jvm.dll+0x2e0b3b]
V  [jvm.dll+0x814091]
V  [jvm.dll+0x36e6a1]
V  [jvm.dll+0x7f35cc]
V  [jvm.dll+0x3f0e8f]
V  [jvm.dll+0x3f29d1]
C  [jli.dll+0x526b]
C  [ucrtbase.dll+0x29363]
C  [KERNEL32.DLL+0x1257d]
C  [ntdll.dll+0x5aa78]


---------------  P R O C E S S  ---------------

Threads class SMR info:
_java_thread_list=0x00007ffc3c89c058, length=0, elements={
}

Java Threads: ( => current thread )

Other Threads:
  0x0000022ab5b52730 GCTaskThread "GC Thread#0" [stack: 0x0000002cd0400000,0x0000002cd0500000] [id=16836]

[error occurred during error reporting (printing all threads), id 0xc0000005, EXCEPTION_ACCESS_VIOLATION (0xc0000005) at pc=0x00007ffc3c04dd70]

VM state: not at safepoint (not fully initialized)

VM Mutex/Monitor currently owned by a thread:  ([mutex/lock_event])
[0x0000022ab5af3140] Heap_lock - owner thread: 0x0000022ab5af98b0

Heap address: 0x0000000085800000, size: 1960 MB, Compressed Oops mode: 32-bit

CDS archive(s) mapped at: [0x0000000000000000-0x0000000000000000-0x0000000000000000), size 0, SharedBaseAddress: 0x0000000800000000, ArchiveRelocationMode: 0.
Narrow klass base: 0x0000000000000000, Narrow klass shift: 0, Narrow klass range: 0x0

GC Precious Log:
<Empty>

Heap:
 garbage-first heap   total 0K, used 0K [0x0000000085800000, 0x0000000100000000)
  region size 1024K, 0 young (0K), 0 survivors (0K)

[error occurred during error reporting (printing heap information), id 0xc0000005, EXCEPTION_ACCESS_VIOLATION (0xc0000005) at pc=0x00007ffc3c43da89]

GC Heap History (0 events):
No events

Dll operation events (1 events):
Event: 0.012 Loaded shared library E:\Android\jbr\bin\java.dll

Deoptimization events (0 events):
No events

Classes unloaded (0 events):
No events

Classes redefined (0 events):
No events

Internal exceptions (0 events):
No events

VM Operations (0 events):
No events

Events (0 events):
No events


Dynamic libraries:
0x00007ff7f4750000 - 0x00007ff7f475a000 	E:\Android\jbr\bin\java.exe
0x00007ffcc52b0000 - 0x00007ffcc54c7000 	C:\WINDOWS\SYSTEM32\ntdll.dll
0x00007ffcc3890000 - 0x00007ffcc3954000 	C:\WINDOWS\System32\KERNEL32.DLL
0x00007ffcc2a50000 - 0x00007ffcc2df6000 	C:\WINDOWS\System32\KERNELBASE.dll
0x00007ffcc2720000 - 0x00007ffcc2831000 	C:\WINDOWS\System32\ucrtbase.dll
0x00007ffcb3840000 - 0x00007ffcb385b000 	E:\Android\jbr\bin\VCRUNTIME140.dll
0x00007ffc3d250000 - 0x00007ffc3d267000 	E:\Android\jbr\bin\jli.dll
0x00007ffcc3c90000 - 0x00007ffcc3e3d000 	C:\WINDOWS\System32\USER32.dll
0x00007ffcc2a20000 - 0x00007ffcc2a46000 	C:\WINDOWS\System32\win32u.dll
0x00007ffcc3a60000 - 0x00007ffcc3a89000 	C:\WINDOWS\System32\GDI32.dll
0x00007ffcc2840000 - 0x00007ffcc2958000 	C:\WINDOWS\System32\gdi32full.dll
0x00007ffc9d060000 - 0x00007ffc9d2f3000 	C:\WINDOWS\WinSxS\amd64_microsoft.windows.common-controls_6595b64144ccf1df_6.0.22621.2361_none_2712ced57382f843\COMCTL32.dll
0x00007ffcc2f70000 - 0x00007ffcc300a000 	C:\WINDOWS\System32\msvcp_win.dll
0x00007ffcc3960000 - 0x00007ffcc3a07000 	C:\WINDOWS\System32\msvcrt.dll
0x00007ffcc4aa0000 - 0x00007ffcc4ad1000 	C:\WINDOWS\System32\IMM32.DLL
0x00007ffcb3800000 - 0x00007ffcb380c000 	E:\Android\jbr\bin\vcruntime140_1.dll
0x00007ffc92530000 - 0x00007ffc925bd000 	E:\Android\jbr\bin\msvcp140.dll
0x00007ffc3bd60000 - 0x00007ffc3c9ce000 	E:\Android\jbr\bin\server\jvm.dll
0x00007ffcc3a90000 - 0x00007ffcc3b40000 	C:\WINDOWS\System32\ADVAPI32.dll
0x00007ffcc3fb0000 - 0x00007ffcc4056000 	C:\WINDOWS\System32\sechost.dll
0x00007ffcc43a0000 - 0x00007ffcc44b7000 	C:\WINDOWS\System32\RPCRT4.dll
0x00007ffc9d610000 - 0x00007ffc9d619000 	C:\WINDOWS\SYSTEM32\WSOCK32.dll
0x00007ffcb78d0000 - 0x00007ffcb7904000 	C:\WINDOWS\SYSTEM32\WINMM.dll
0x00007ffcb7cf0000 - 0x00007ffcb7cfa000 	C:\WINDOWS\SYSTEM32\VERSION.dll
0x00007ffcc51f0000 - 0x00007ffcc5261000 	C:\WINDOWS\System32\WS2_32.dll
0x00007ffcc15d0000 - 0x00007ffcc15e8000 	C:\WINDOWS\SYSTEM32\kernel.appcore.dll
0x00007ffc85640000 - 0x00007ffc8564a000 	E:\Android\jbr\bin\jimage.dll
0x00007ffcbff10000 - 0x00007ffcc013e000 	C:\WINDOWS\SYSTEM32\DBGHELP.DLL
0x00007ffcc4ae0000 - 0x00007ffcc4e6a000 	C:\WINDOWS\System32\combase.dll
0x00007ffcc3b40000 - 0x00007ffcc3c17000 	C:\WINDOWS\System32\OLEAUT32.dll
0x00007ffca86a0000 - 0x00007ffca86d2000 	C:\WINDOWS\SYSTEM32\dbgcore.DLL
0x00007ffcc2630000 - 0x00007ffcc26aa000 	C:\WINDOWS\System32\bcryptPrimitives.dll
0x00007ffc3bd30000 - 0x00007ffc3bd55000 	E:\Android\jbr\bin\java.dll

dbghelp: loaded successfully - version: 4.0.5 - missing functions: none
symbol engine: initialized successfully - sym options: 0x614 - pdb path: .;E:\Android\jbr\bin;C:\WINDOWS\SYSTEM32;C:\WINDOWS\WinSxS\amd64_microsoft.windows.common-controls_6595b64144ccf1df_6.0.22621.2361_none_2712ced57382f843;E:\Android\jbr\bin\server

VM Arguments:
java_command: git4idea.http.GitAskPassApp Username for 'https://github.com': 
java_class_path (initial): E:/Android/plugins/vcs-git/lib/git4idea-rt.jar;E:/Android/lib/externalProcess-rt.jar;E:/Android/lib/app.jar;E:/Android/lib/3rd-party-rt.jar
Launcher Type: SUN_STANDARD

[Global flags]
     intx CICompilerCount                          = 4                                         {product} {ergonomic}
     uint ConcGCThreads                            = 2                                         {product} {ergonomic}
     uint G1ConcRefinementThreads                  = 8                                         {product} {ergonomic}
   size_t G1HeapRegionSize                         = 1048576                                   {product} {ergonomic}
    uintx GCDrainStackTargetSize                   = 64                                        {product} {ergonomic}
   size_t InitialHeapSize                          = 130023424                                 {product} {ergonomic}
   size_t MarkStackSize                            = 4194304                                   {product} {ergonomic}
   size_t MaxHeapSize                              = 2055208960                                {product} {ergonomic}
   size_t MinHeapDeltaBytes                        = 1048576                                   {product} {ergonomic}
   size_t MinHeapSize                              = 8388608                                   {product} {ergonomic}
    uintx NonNMethodCodeHeapSize                   = 5839372                                {pd product} {ergonomic}
    uintx NonProfiledCodeHeapSize                  = 122909434                              {pd product} {ergonomic}
    uintx ProfiledCodeHeapSize                     = 122909434                              {pd product} {ergonomic}
    uintx ReservedCodeCacheSize                    = 251658240                              {pd product} {ergonomic}
     bool SegmentedCodeCache                       = true                                      {product} {ergonomic}
   size_t SoftMaxHeapSize                          = 2055208960                             {manageable} {ergonomic}
     bool UseCompressedClassPointers               = true                           {product lp64_product} {ergonomic}
     bool UseCompressedOops                        = true                           {product lp64_product} {ergonomic}
     bool UseG1GC                                  = true                                      {product} {ergonomic}
     bool UseLargePagesIndividualAllocation        = false                                  {pd product} {ergonomic}

Logging:
Log output configuration:
 #0: stdout all=warning uptime,level,tags
 #1: stderr all=off uptime,level,tags

Environment Variables:
PATH=C:\Program Files\Git\mingw64\libexec\git-core;C:\Program Files\Git\mingw64\libexec\git-core;C:\Program Files\Git\mingw64\bin;C:\Program Files\Git\usr\bin;C:\Users\lemin\bin;C:\Program Files\Java\jdk-18.0.2.1\bin;C:\WINDOWS\system32;C:\Users\lemin\AppData\Local\Android\Sdk\platform-tools;C:\WINDOWS\System32\Wbem;C:\WINDOWS\System32\WindowsPowerShell\v1.0;C:\WINDOWS\System32\OpenSSH;C:\MinGW\bin;C:\Program Files\MongoDB\mongosh-1.7.1-win32-x64\bin;C:\php;C:\Program Files\MongoDB\Tools\100\bin;C:\Program Files\Git\cmd;C:\Users\lemin\AppData\Roaming\nvm;C:\Program Files\nodejs;C:\Users\lemin\AppData\Local\Programs\Python\Python39;C:\Users\lemin\AppData\Local\Programs\Python\Python39\Scripts;C:\Program Files\MySQL\MySQL Shell 8.0\bin;C:\Users\lemin\AppData\Local\Microsoft\WindowsApps;C:\Users\lemin\AppData\Local\Programs\Microsoft VS Code\bin;C:\Users\lemin\AppData\Roaming\npm;C:\Users\lemin\AppData\Roaming\nvm;C:\Program Files\nodejs
USERNAME=lemin
DISPLAY=:0.0
LC_ALL=en_US.UTF-8
TERM=xterm-256color
TMPDIR=C:\Users\lemin\AppData\Local\Temp
OS=Windows_NT
PROCESSOR_IDENTIFIER=Intel64 Family 6 Model 140 Stepping 1, GenuineIntel
TMP=C:\Users\lemin\AppData\Local\Temp
TEMP=C:\Users\lemin\AppData\Local\Temp


JNI global refs:

[error occurred during error reporting (JNI global references), id 0xc0000005, EXCEPTION_ACCESS_VIOLATION (0xc0000005) at pc=0x00007ffc3be17a10]


---------------  S Y S T E M  ---------------

OS:
 Windows 11 , 64 bit Build 22621 (10.0.22621.2428)
OS uptime: 0 days 4:14 hours
Hyper-V role detected

CPU: total 8 (initial active 8) (4 cores per cpu, 2 threads per core) family 6 model 140 stepping 1 microcode 0xaa, cx8, cmov, fxsr, ht, mmx, 3dnowpref, sse, sse2, sse3, ssse3, sse4.1, sse4.2, popcnt, lzcnt, tsc, tscinvbit, avx, avx2, aes, erms, clmul, bmi1, bmi2, adx, avx512f, avx512dq, avx512cd, avx512bw, avx512vl, sha, fma, vzeroupper, avx512_vpopcntdq, avx512_vpclmulqdq, avx512_vaes, avx512_vnni, clflush, clflushopt, clwb, avx512_vbmi2, avx512_vbmi, hv

Memory: 4k page, system-wide physical 7834M (762M free)
TotalPageFile size 17840M (AvailPageFile size 4M)
current process WorkingSet (physical memory assigned to process): 11M, peak: 11M
current process commit charge ("private bytes"): 54M, peak: 55M

vm_info: OpenJDK 64-Bit Server VM (17.0.6+0-b2043.56-10027231) for windows-amd64 JRE (17.0.6+0-b2043.56-10027231), built on Apr 28 2023 00:43:19 by "androidbuild" with MS VC++ 16.10 / 16.11 (VS2019)

END.
